[0.039s] Invoking command in '/home/leejunmi/ros2_ws/build/number': CMAKE_PREFIX_PATH=/opt/ros/humble /usr/bin/cmake --build /home/leejunmi/ros2_ws/build/number -- -j8 -l8
[1.111s] [  3%] Built target number__cpp
[1.111s] [ 12%] Built target number__rosidl_generator_c
[1.111s] [ 12%] Built target ament_cmake_python_copy_number
[1.111s] [ 22%] Built target number__rosidl_typesupport_fastrtps_cpp
[1.111s] [ 32%] Built target number__rosidl_typesupport_c
[1.111s] [ 41%] Built target number__rosidl_typesupport_introspection_cpp
[1.111s] [ 51%] Built target number__rosidl_typesupport_introspection_c
[1.111s] [ 61%] Built target number__rosidl_typesupport_cpp
[1.111s] [ 70%] Built target number__rosidl_typesupport_fastrtps_c
[1.111s] [ 70%] Built target number
[1.111s] [ 74%] Built target number__py
[1.111s] [ 80%] Built target number__rosidl_generator_py
[1.111s] [ 87%] Built target number__rosidl_typesupport_introspection_c__pyext
[1.112s] [ 93%] Built target number__rosidl_typesupport_fastrtps_c__pyext
[1.112s] [100%] Built target number__rosidl_typesupport_c__pyext
[1.112s] running egg_info
[1.112s] writing number.egg-info/PKG-INFO
[1.112s] writing dependency_links to number.egg-info/dependency_links.txt
[1.112s] writing top-level names to number.egg-info/top_level.txt
[1.112s] reading manifest file 'number.egg-info/SOURCES.txt'
[1.112s] Traceback (most recent call last):
[1.112s]   File "/home/leejunmi/ros2_ws/build/number/ament_cmake_python/number/setup.py", line 4, in <module>
[1.112s]     setup(
[1.112s]   File "/home/leejunmi/.local/lib/python3.10/site-packages/setuptools/__init__.py", line 117, in setup
[1.112s]     return distutils.core.setup(**attrs)
[1.112s]   File "/home/leejunmi/.local/lib/python3.10/site-packages/setuptools/_distutils/core.py", line 183, in setup
[1.112s]     return run_commands(dist)
[1.112s]   File "/home/leejunmi/.local/lib/python3.10/site-packages/setuptools/_distutils/core.py", line 199, in run_commands
[1.112s]     dist.run_commands()
[1.112s]   File "/home/leejunmi/.local/lib/python3.10/site-packages/setuptools/_distutils/dist.py", line 954, in run_commands
[1.112s]     self.run_command(cmd)
[1.113s]   File "/home/leejunmi/.local/lib/python3.10/site-packages/setuptools/dist.py", line 995, in run_command
[1.113s]     super().run_command(command)
[1.113s]   File "/home/leejunmi/.local/lib/python3.10/site-packages/setuptools/_distutils/dist.py", line 973, in run_command
[1.113s]     cmd_obj.run()
[1.113s]   File "/home/leejunmi/.local/lib/python3.10/site-packages/setuptools/command/egg_info.py", line 313, in run
[1.113s]     self.find_sources()
[1.113s]   File "/home/leejunmi/.local/lib/python3.10/site-packages/setuptools/command/egg_info.py", line 321, in find_sources
[1.113s]     mm.run()
[1.113s]   File "/home/leejunmi/.local/lib/python3.10/site-packages/setuptools/command/egg_info.py", line 549, in run
[1.113s]     self.prune_file_list()
[1.113s]   File "/home/leejunmi/.local/lib/python3.10/site-packages/setuptools/command/sdist.py", line 162, in prune_file_list
[1.113s]     super().prune_file_list()
[1.113s]   File "/home/leejunmi/.local/lib/python3.10/site-packages/setuptools/_distutils/command/sdist.py", line 380, in prune_file_list
[1.113s]     base_dir = self.distribution.get_fullname()
[1.113s]   File "/home/leejunmi/.local/lib/python3.10/site-packages/setuptools/_core_metadata.py", line 267, in get_fullname
[1.113s]     return _distribution_fullname(self.get_name(), self.get_version())
[1.113s]   File "/home/leejunmi/.local/lib/python3.10/site-packages/setuptools/_core_metadata.py", line 285, in _distribution_fullname
[1.114s]     canonicalize_version(version, strip_trailing_zero=False),
[1.114s] TypeError: canonicalize_version() got an unexpected keyword argument 'strip_trailing_zero'
[1.114s] gmake[2]: *** [CMakeFiles/ament_cmake_python_build_number_egg.dir/build.make:70: CMakeFiles/ament_cmake_python_build_number_egg] 오류 1
[1.114s] gmake[1]: *** [CMakeFiles/Makefile2:447: CMakeFiles/ament_cmake_python_build_number_egg.dir/all] 오류 2
[1.114s] gmake: *** [Makefile:146: all] 오류 2
