[0.032s] Invoking command in '/home/leejunmi/ros2_ws/build/number': CMAKE_PREFIX_PATH=/opt/ros/humble /usr/bin/cmake --build /home/leejunmi/ros2_ws/build/number -- -j8 -l8
[0.900s] Traceback (most recent call last):
[0.901s]   File "/home/leejunmi/ros2_ws/build/number/ament_cmake_python/number/setup.py", line 4, in <module>
[0.901s]     setup(
[0.902s]   File "/home/leejunmi/.local/lib/python3.10/site-packages/setuptools/__init__.py", line 117, in setup
[0.902s]     return distutils.core.setup(**attrs)
[0.902s]   File "/home/leejunmi/.local/lib/python3.10/site-packages/setuptools/_distutils/core.py", line 183, in setup
[0.902s]     return run_commands(dist)
[0.902s]   File "/home/leejunmi/.local/lib/python3.10/site-packages/setuptools/_distutils/core.py", line 199, in run_commands
[0.902s]     dist.run_commands()
[0.902s]   File "/home/leejunmi/.local/lib/python3.10/site-packages/setuptools/_distutils/dist.py", line 954, in run_commands
[0.903s]     self.run_command(cmd)
[0.903s]   File "/home/leejunmi/.local/lib/python3.10/site-packages/setuptools/dist.py", line 995, in run_command
[0.903s]     super().run_command(command)
[0.903s]   File "/home/leejunmi/.local/lib/python3.10/site-packages/setuptools/_distutils/dist.py", line 973, in run_command
[0.903s]     cmd_obj.run()
[0.903s]   File "/home/leejunmi/.local/lib/python3.10/site-packages/setuptools/command/egg_info.py", line 313, in run
[0.903s]     self.find_sources()
[0.903s]   File "/home/leejunmi/.local/lib/python3.10/site-packages/setuptools/command/egg_info.py", line 321, in find_sources
[0.903s]     mm.run()
[0.903s]   File "/home/leejunmi/.local/lib/python3.10/site-packages/setuptools/command/egg_info.py", line 549, in run
[0.903s]     self.prune_file_list()
[0.903s]   File "/home/leejunmi/.local/lib/python3.10/site-packages/setuptools/command/sdist.py", line 162, in prune_file_list
[0.904s]     super().prune_file_list()
[0.904s]   File "/home/leejunmi/.local/lib/python3.10/site-packages/setuptools/_distutils/command/sdist.py", line 380, in prune_file_list
[0.904s]     base_dir = self.distribution.get_fullname()
[0.904s]   File "/home/leejunmi/.local/lib/python3.10/site-packages/setuptools/_core_metadata.py", line 267, in get_fullname
[0.904s]     return _distribution_fullname(self.get_name(), self.get_version())
[0.904s]   File "/home/leejunmi/.local/lib/python3.10/site-packages/setuptools/_core_metadata.py", line 285, in _distribution_fullname
[0.904s]     canonicalize_version(version, strip_trailing_zero=False),
[0.904s] TypeError: canonicalize_version() got an unexpected keyword argument 'strip_trailing_zero'
[0.904s] gmake[2]: *** [CMakeFiles/ament_cmake_python_build_number_egg.dir/build.make:70: CMakeFiles/ament_cmake_python_build_number_egg] 오류 1
[0.904s] gmake[1]: *** [CMakeFiles/Makefile2:447: CMakeFiles/ament_cmake_python_build_number_egg.dir/all] 오류 2
[0.904s] gmake: *** [Makefile:146: all] 오류 2
[0.904s] [  3%] Built target number__cpp
[0.904s] [ 12%] Built target number__rosidl_generator_c
[0.904s] [ 12%] Built target ament_cmake_python_copy_number
[0.904s] [ 22%] Built target number__rosidl_typesupport_fastrtps_cpp
[0.904s] [ 32%] Built target number__rosidl_typesupport_introspection_cpp
[0.904s] [ 41%] Built target number__rosidl_typesupport_cpp
[0.905s] [ 51%] Built target number__rosidl_typesupport_introspection_c
[0.905s] [ 61%] Built target number__rosidl_typesupport_c
[0.905s] [ 70%] Built target number__rosidl_typesupport_fastrtps_c
[0.905s] [ 70%] Built target number
[0.905s] [ 74%] Built target number__py
[0.905s] [ 80%] Built target number__rosidl_generator_py
[0.905s] [ 87%] Built target number__rosidl_typesupport_c__pyext
[0.905s] [ 93%] Built target number__rosidl_typesupport_introspection_c__pyext
[0.905s] [100%] Built target number__rosidl_typesupport_fastrtps_c__pyext
[0.905s] running egg_info
[0.905s] writing number.egg-info/PKG-INFO
[0.905s] writing dependency_links to number.egg-info/dependency_links.txt
[0.905s] writing top-level names to number.egg-info/top_level.txt
[0.905s] reading manifest file 'number.egg-info/SOURCES.txt'
[1.146s] Invoked command in '/home/leejunmi/ros2_ws/build/number' returned '2': CMAKE_PREFIX_PATH=/opt/ros/humble /usr/bin/cmake --build /home/leejunmi/ros2_ws/build/number -- -j8 -l8
