[0.037s] Invoking command in '/home/leejunmi/ros2_ws/build/tutorial_interfaces': CMAKE_PREFIX_PATH=/opt/ros/humble /usr/bin/cmake --build /home/leejunmi/ros2_ws/build/tutorial_interfaces -- -j8 -l8
[1.103s] [  2%] Built target tutorial_interfaces__cpp
[1.104s] [ 12%] Built target tutorial_interfaces__rosidl_generator_c
[1.104s] [ 12%] Built target ament_cmake_python_copy_tutorial_interfaces
[1.104s] [ 23%] Built target tutorial_interfaces__rosidl_typesupport_c
[1.104s] [ 34%] Built target tutorial_interfaces__rosidl_typesupport_fastrtps_cpp
[1.104s] [ 44%] Built target tutorial_interfaces__rosidl_typesupport_introspection_cpp
[1.104s] [ 55%] Built target tutorial_interfaces__rosidl_typesupport_cpp
[1.104s] [ 65%] Built target tutorial_interfaces__rosidl_typesupport_introspection_c
[1.104s] [ 76%] Built target tutorial_interfaces__rosidl_typesupport_fastrtps_c
[1.104s] [ 76%] Built target tutorial_interfaces
[1.104s] [ 78%] Built target tutorial_interfaces__py
[1.104s] [ 87%] Built target tutorial_interfaces__rosidl_generator_py
[1.104s] [ 91%] Built target tutorial_interfaces__rosidl_typesupport_fastrtps_c__pyext
[1.104s] [ 95%] Built target tutorial_interfaces__rosidl_typesupport_introspection_c__pyext
[1.104s] [100%] Built target tutorial_interfaces__rosidl_typesupport_c__pyext
[1.104s] running egg_info
[1.104s] writing tutorial_interfaces.egg-info/PKG-INFO
[1.104s] writing dependency_links to tutorial_interfaces.egg-info/dependency_links.txt
[1.105s] writing top-level names to tutorial_interfaces.egg-info/top_level.txt
[1.105s] reading manifest file 'tutorial_interfaces.egg-info/SOURCES.txt'
[1.108s] Traceback (most recent call last):
[1.109s]   File "/home/leejunmi/ros2_ws/build/tutorial_interfaces/ament_cmake_python/tutorial_interfaces/setup.py", line 4, in <module>
[1.109s]     setup(
[1.109s]   File "/home/leejunmi/.local/lib/python3.10/site-packages/setuptools/__init__.py", line 117, in setup
[1.109s]     return distutils.core.setup(**attrs)
[1.109s]   File "/home/leejunmi/.local/lib/python3.10/site-packages/setuptools/_distutils/core.py", line 183, in setup
[1.109s]     return run_commands(dist)
[1.109s]   File "/home/leejunmi/.local/lib/python3.10/site-packages/setuptools/_distutils/core.py", line 199, in run_commands
[1.109s]     dist.run_commands()
[1.109s]   File "/home/leejunmi/.local/lib/python3.10/site-packages/setuptools/_distutils/dist.py", line 954, in run_commands
[1.109s]     self.run_command(cmd)
[1.109s]   File "/home/leejunmi/.local/lib/python3.10/site-packages/setuptools/dist.py", line 995, in run_command
[1.109s]     super().run_command(command)
[1.109s]   File "/home/leejunmi/.local/lib/python3.10/site-packages/setuptools/_distutils/dist.py", line 973, in run_command
[1.109s]     cmd_obj.run()
[1.109s]   File "/home/leejunmi/.local/lib/python3.10/site-packages/setuptools/command/egg_info.py", line 313, in run
[1.109s]     self.find_sources()
[1.109s]   File "/home/leejunmi/.local/lib/python3.10/site-packages/setuptools/command/egg_info.py", line 321, in find_sources
[1.109s]     mm.run()
[1.110s]   File "/home/leejunmi/.local/lib/python3.10/site-packages/setuptools/command/egg_info.py", line 549, in run
[1.110s]     self.prune_file_list()
[1.110s]   File "/home/leejunmi/.local/lib/python3.10/site-packages/setuptools/command/sdist.py", line 162, in prune_file_list
[1.110s]     super().prune_file_list()
[1.110s]   File "/home/leejunmi/.local/lib/python3.10/site-packages/setuptools/_distutils/command/sdist.py", line 380, in prune_file_list
[1.110s]     base_dir = self.distribution.get_fullname()
[1.110s]   File "/home/leejunmi/.local/lib/python3.10/site-packages/setuptools/_core_metadata.py", line 267, in get_fullname
[1.110s]     return _distribution_fullname(self.get_name(), self.get_version())
[1.110s]   File "/home/leejunmi/.local/lib/python3.10/site-packages/setuptools/_core_metadata.py", line 285, in _distribution_fullname
[1.110s]     canonicalize_version(version, strip_trailing_zero=False),
[1.110s] TypeError: canonicalize_version() got an unexpected keyword argument 'strip_trailing_zero'
[1.110s] gmake[2]: *** [CMakeFiles/ament_cmake_python_build_tutorial_interfaces_egg.dir/build.make:70: CMakeFiles/ament_cmake_python_build_tutorial_interfaces_egg] 오류 1
[1.110s] gmake[1]: *** [CMakeFiles/Makefile2:447: CMakeFiles/ament_cmake_python_build_tutorial_interfaces_egg.dir/all] 오류 2
[1.110s] gmake: *** [Makefile:146: all] 오류 2
