[0.030s] Invoking command in '/home/leejunmi/ros2_ws/build/tutorial_interfaces': CMAKE_PREFIX_PATH=/opt/ros/humble /usr/bin/cmake --build /home/leejunmi/ros2_ws/build/tutorial_interfaces -- -j8 -l8
[0.899s] [  2%] Built target tutorial_interfaces__cpp
[0.899s] [ 12%] Built target tutorial_interfaces__rosidl_generator_c
[0.899s] [ 12%] Built target ament_cmake_python_copy_tutorial_interfaces
[0.900s] [ 23%] Built target tutorial_interfaces__rosidl_typesupport_cpp
[0.900s] [ 34%] Built target tutorial_interfaces__rosidl_typesupport_introspection_c
[0.900s] [ 44%] Built target tutorial_interfaces__rosidl_typesupport_c
[0.900s] [ 55%] Built target tutorial_interfaces__rosidl_typesupport_fastrtps_c
[0.900s] [ 65%] Built target tutorial_interfaces__rosidl_typesupport_introspection_cpp
[0.900s] [ 76%] Built target tutorial_interfaces__rosidl_typesupport_fastrtps_cpp
[0.900s] [ 76%] Built target tutorial_interfaces
[0.900s] [ 78%] Built target tutorial_interfaces__py
[0.900s] [ 87%] Built target tutorial_interfaces__rosidl_generator_py
[0.900s] [ 91%] Built target tutorial_interfaces__rosidl_typesupport_fastrtps_c__pyext
[0.900s] [100%] Built target tutorial_interfaces__rosidl_typesupport_introspection_c__pyext
[0.900s] [100%] Built target tutorial_interfaces__rosidl_typesupport_c__pyext
[0.900s] running egg_info
[0.900s] writing tutorial_interfaces.egg-info/PKG-INFO
[0.900s] writing dependency_links to tutorial_interfaces.egg-info/dependency_links.txt
[0.900s] writing top-level names to tutorial_interfaces.egg-info/top_level.txt
[0.900s] reading manifest file 'tutorial_interfaces.egg-info/SOURCES.txt'
[0.901s] Traceback (most recent call last):
[0.901s]   File "/home/leejunmi/ros2_ws/build/tutorial_interfaces/ament_cmake_python/tutorial_interfaces/setup.py", line 4, in <module>
[0.901s]     setup(
[0.901s]   File "/home/leejunmi/.local/lib/python3.10/site-packages/setuptools/__init__.py", line 117, in setup
[0.901s]     return distutils.core.setup(**attrs)
[0.901s]   File "/home/leejunmi/.local/lib/python3.10/site-packages/setuptools/_distutils/core.py", line 183, in setup
[0.901s]     return run_commands(dist)
[0.901s]   File "/home/leejunmi/.local/lib/python3.10/site-packages/setuptools/_distutils/core.py", line 199, in run_commands
[0.901s]     dist.run_commands()
[0.901s]   File "/home/leejunmi/.local/lib/python3.10/site-packages/setuptools/_distutils/dist.py", line 954, in run_commands
[0.901s]     self.run_command(cmd)
[0.901s]   File "/home/leejunmi/.local/lib/python3.10/site-packages/setuptools/dist.py", line 995, in run_command
[0.901s]     super().run_command(command)
[0.901s]   File "/home/leejunmi/.local/lib/python3.10/site-packages/setuptools/_distutils/dist.py", line 973, in run_command
[0.901s]     cmd_obj.run()
[0.901s]   File "/home/leejunmi/.local/lib/python3.10/site-packages/setuptools/command/egg_info.py", line 313, in run
[0.901s]     self.find_sources()
[0.902s]   File "/home/leejunmi/.local/lib/python3.10/site-packages/setuptools/command/egg_info.py", line 321, in find_sources
[0.902s]     mm.run()
[0.902s]   File "/home/leejunmi/.local/lib/python3.10/site-packages/setuptools/command/egg_info.py", line 549, in run
[0.902s]     self.prune_file_list()
[0.902s]   File "/home/leejunmi/.local/lib/python3.10/site-packages/setuptools/command/sdist.py", line 162, in prune_file_list
[0.902s]     super().prune_file_list()
[0.902s]   File "/home/leejunmi/.local/lib/python3.10/site-packages/setuptools/_distutils/command/sdist.py", line 380, in prune_file_list
[0.902s]     base_dir = self.distribution.get_fullname()
[0.902s]   File "/home/leejunmi/.local/lib/python3.10/site-packages/setuptools/_core_metadata.py", line 267, in get_fullname
[0.902s]     return _distribution_fullname(self.get_name(), self.get_version())
[0.902s]   File "/home/leejunmi/.local/lib/python3.10/site-packages/setuptools/_core_metadata.py", line 285, in _distribution_fullname
[0.902s]     canonicalize_version(version, strip_trailing_zero=False),
[0.902s] TypeError: canonicalize_version() got an unexpected keyword argument 'strip_trailing_zero'
[0.902s] gmake[2]: *** [CMakeFiles/ament_cmake_python_build_tutorial_interfaces_egg.dir/build.make:70: CMakeFiles/ament_cmake_python_build_tutorial_interfaces_egg] 오류 1
[0.902s] gmake[1]: *** [CMakeFiles/Makefile2:447: CMakeFiles/ament_cmake_python_build_tutorial_interfaces_egg.dir/all] 오류 2
[0.902s] gmake: *** [Makefile:146: all] 오류 2
[1.124s] Invoked command in '/home/leejunmi/ros2_ws/build/tutorial_interfaces' returned '2': CMAKE_PREFIX_PATH=/opt/ros/humble /usr/bin/cmake --build /home/leejunmi/ros2_ws/build/tutorial_interfaces -- -j8 -l8
